[ 2014-05-28T17:03:31+08:00 ] 127.0.0.1 /
INFO: [ app_init ] --START--
SQL: SHOW COLUMNS FROM `to_hooks` [ RunTime:0.101006s ]
SQL: SELECT `name`,`addons` FROM `to_hooks`  [ RunTime:0.002000s ]
SQL: SHOW COLUMNS FROM `to_addons` [ RunTime:0.024002s ]
SQL: SELECT `id`,`name` FROM `to_addons` WHERE ( `status` = 1 ) AND ( `name` IN ('ReturnTop') )  [ RunTime:0.001000s ]
SQL: SELECT `id`,`name` FROM `to_addons` WHERE ( `status` = 1 ) AND ( `name` IN ('Attachment') )  [ RunTime:0.001000s ]
SQL: SELECT `id`,`name` FROM `to_addons` WHERE ( `status` = 1 ) AND ( `name` IN ('Attachment','SocialComment','Avatar','Tianyi') )  [ RunTime:0.080005s ]
SQL: SELECT `id`,`name` FROM `to_addons` WHERE ( `status` = 1 ) AND ( `name` IN ('Attachment') )  [ RunTime:0.000000s ]
SQL: SELECT `id`,`name` FROM `to_addons` WHERE ( `status` = 1 ) AND ( `name` IN ('Editor') )  [ RunTime:0.001000s ]
SQL: SELECT `id`,`name` FROM `to_addons` WHERE ( `status` = 1 ) AND ( `name` IN ('EditorForAdmin') )  [ RunTime:0.001000s ]
SQL: SELECT `id`,`name` FROM `to_addons` WHERE ( `status` = 1 ) AND ( `name` IN ('SiteStat','SystemInfo','DevTeam') )  [ RunTime:0.001000s ]
SQL: SELECT `id`,`name` FROM `to_addons` WHERE ( `status` = 1 ) AND ( `name` IN ('Editor') )  [ RunTime:0.000000s ]
SQL: SELECT `id`,`name` FROM `to_addons` WHERE ( `status` = 1 ) AND ( `name` IN ('Checkin') )  [ RunTime:0.000000s ]
SQL: SELECT `id`,`name` FROM `to_addons` WHERE ( `status` = 1 ) AND ( `name` IN ('Rank_checkin') )  [ RunTime:0.000000s ]
INFO: Run Common\Behavior\InitHook [ RunTime:0.545031s ]
INFO: [ app_init ] --END-- [ RunTime:0.546031s ]
INFO: [ app_begin ] --START--
INFO: Run Behavior\ReadHtmlCache [ RunTime:0.002000s ]
INFO: [ app_begin ] --END-- [ RunTime:0.002000s ]
SQL: SHOW COLUMNS FROM `to_member` [ RunTime:0.041003s ]
SQL: SHOW COLUMNS FROM `to_config` [ RunTime:0.009000s ]
SQL: SELECT `type`,`name`,`value` FROM `to_config` WHERE ( `status` = 1 )  [ RunTime:0.026002s ]
SQL: SHOW COLUMNS FROM `to_document_houserent` [ RunTime:0.023001s ]
SQL: SELECT hr.id,hr.thumbnail,hr.bed_room,hr.live_room,hr.decorate,hr.price,area.name area_name,busi_area.name busi_area_name FROM to_document_houserent hr INNER JOIN to_document doc on hr.id=doc.id LEFT JOIN to_district area on hr.area=area.id LEFT JOIN to_district busi_area on hr.busi_area=busi_area.id  WHERE ( doc.status = 1 ) AND ( doc.category_id = 10001 ) AND ( doc.create_time < 1401267810 ) AND ( deadline=0 OR deadline>1401267810 ) AND ( doc.position & 4 = 4 ) AND ( hr.city = 517 ) ORDER BY id desc LIMIT 4   [ RunTime:0.046003s ]
INFO: [ view_parse ] --START--
INFO: [ template_filter ] --START--
INFO: Run Behavior\ContentReplace [ RunTime:0.000000s ]
INFO: [ template_filter ] --END-- [ RunTime:0.000000s ]
SQL: SHOW COLUMNS FROM `to_channel` [ RunTime:0.013000s ]
SQL: SELECT `id`,`pid`,`title`,`url`,`target` FROM `to_channel` WHERE ( status=1 ) ORDER BY sort  [ RunTime:0.002001s ]
INFO: Run Behavior\ParseTemplate [ RunTime:0.077005s ]
INFO: [ view_parse ] --END-- [ RunTime:0.077005s ]
INFO: [ view_filter ] --START--
INFO: Run Behavior\WriteHtmlCache [ RunTime:0.001000s ]
INFO: [ view_filter ] --END-- [ RunTime:0.001000s ]
INFO: [ app_end ] --START--
INFO: Run Behavior\ShowPageTrace [ RunTime:0.001000s ]
INFO: [ app_end ] --END-- [ RunTime:0.001000s ]

[ 2014-05-28T17:03:50+08:00 ] 127.0.0.1 /admin
INFO: [ app_init ] --START--
INFO: Run Common\Behavior\InitHook [ RunTime:0.004000s ]
INFO: [ app_init ] --END-- [ RunTime:0.006000s ]
INFO: [ app_begin ] --START--
INFO: Run Behavior\ReadHtmlCache [ RunTime:0.001000s ]
INFO: [ app_begin ] --END-- [ RunTime:0.002000s ]

[ 2014-05-28T17:03:50+08:00 ] 127.0.0.1 /index.php?s=/Admin/Public/login.html
INFO: [ app_init ] --START--
INFO: Run Common\Behavior\InitHook [ RunTime:0.004000s ]
INFO: [ app_init ] --END-- [ RunTime:0.004000s ]
INFO: [ app_begin ] --START--
INFO: Run Behavior\ReadHtmlCache [ RunTime:0.002000s ]
INFO: [ app_begin ] --END-- [ RunTime:0.002000s ]
SQL: SHOW COLUMNS FROM `to_config` [ RunTime:0.006001s ]
SQL: SELECT `type`,`name`,`value` FROM `to_config` WHERE ( `status` = 1 )  [ RunTime:0.002000s ]
INFO: [ view_parse ] --START--
INFO: [ template_filter ] --START--
INFO: Run Behavior\ContentReplace [ RunTime:0.001000s ]
INFO: [ template_filter ] --END-- [ RunTime:0.001000s ]
INFO: Run Behavior\ParseTemplate [ RunTime:0.019001s ]
INFO: [ view_parse ] --END-- [ RunTime:0.019001s ]
INFO: [ view_filter ] --START--
INFO: Run Behavior\WriteHtmlCache [ RunTime:0.002000s ]
INFO: [ view_filter ] --END-- [ RunTime:0.002000s ]
INFO: [ app_end ] --START--
INFO: Run Behavior\ShowPageTrace [ RunTime:0.001000s ]
INFO: [ app_end ] --END-- [ RunTime:0.003000s ]

[ 2014-05-28T17:03:50+08:00 ] 127.0.0.1 /index.php?s=/Admin/Public/verify.html
INFO: [ app_init ] --START--
INFO: Run Common\Behavior\InitHook [ RunTime:0.008000s ]
INFO: [ app_init ] --END-- [ RunTime:0.010000s ]
INFO: [ app_begin ] --START--
INFO: Run Behavior\ReadHtmlCache [ RunTime:0.002000s ]
INFO: [ app_begin ] --END-- [ RunTime:0.003000s ]
INFO: [ app_end ] --START--
INFO: Run Behavior\ShowPageTrace [ RunTime:0.002000s ]
INFO: [ app_end ] --END-- [ RunTime:0.002000s ]

[ 2014-05-28T17:03:59+08:00 ] 127.0.0.1 /index.php?s=/Admin/Public/login.html
INFO: [ app_init ] --START--
INFO: Run Common\Behavior\InitHook [ RunTime:0.006000s ]
INFO: [ app_init ] --END-- [ RunTime:0.008001s ]
INFO: [ app_begin ] --START--
INFO: Run Behavior\ReadHtmlCache [ RunTime:0.001000s ]
INFO: [ app_begin ] --END-- [ RunTime:0.003000s ]
SQL: SHOW COLUMNS FROM `to_ucenter_member` [ RunTime:0.142008s ]
SQL: SELECT * FROM `to_ucenter_member` WHERE ( `username` = 'admin' ) LIMIT 1   [ RunTime:0.002000s ]
SQL: UPDATE `to_ucenter_member` SET `last_login_time`=1401267839,`last_login_ip`='2130706433' WHERE ( `id` = 1 ) [ RunTime:0.035002s ]
SQL: SHOW COLUMNS FROM `to_member` [ RunTime:0.007000s ]
SQL: SELECT `uid`,`nickname`,`sex`,`birthday`,`qq`,`score`,`login`,`reg_ip`,`reg_time`,`last_login_ip`,`last_login_time`,`status`,`signature` FROM `to_member` WHERE ( `uid` = 1 ) LIMIT 1   [ RunTime:0.001001s ]
SQL: SHOW COLUMNS FROM `to_action` [ RunTime:0.030001s ]
SQL: SELECT * FROM `to_action` WHERE ( `name` = 'user_login' ) LIMIT 1   [ RunTime:0.005001s ]
SQL: UPDATE `to_member` SET `login`=`login`+1,`last_login_time`=1401267839,`last_login_ip`='2130706433' WHERE ( `uid` = 1 ) [ RunTime:0.029001s ]

[ 2014-05-28T17:04:00+08:00 ] 127.0.0.1 /index.php?s=/Admin/Index/index.html
INFO: [ app_init ] --START--
INFO: Run Common\Behavior\InitHook [ RunTime:0.004001s ]
INFO: [ app_init ] --END-- [ RunTime:0.005001s ]
INFO: [ app_begin ] --START--
INFO: Run Behavior\ReadHtmlCache [ RunTime:0.001000s ]
INFO: [ app_begin ] --END-- [ RunTime:0.001000s ]
SQL: SHOW COLUMNS FROM `to_menu` [ RunTime:0.027001s ]
SQL: SELECT * FROM `to_menu` WHERE ( `pid` = 0 ) AND ( `hide` = 0 ) ORDER BY sort asc  [ RunTime:0.001001s ]
SQL: SELECT `id` FROM `to_menu` WHERE ( url like '%Index/index%' ) LIMIT 1   [ RunTime:0.001000s ]
SQL: SHOW COLUMNS FROM `to_menu` [ RunTime:0.006000s ]
SQL: SELECT `id`,`pid`,`title` FROM `to_menu` WHERE ( id=1 ) LIMIT 1   [ RunTime:0.001000s ]
SQL: SELECT DISTINCT  `group` FROM `to_menu` WHERE ( pid = 1 )  [ RunTime:0.001000s ]
SQL: SELECT `id`,`url` FROM `to_menu` WHERE ( `pid` = 1 ) AND ( `hide` = 0 )  [ RunTime:0.001000s ]
INFO: [ view_parse ] --START--
INFO: [ template_filter ] --START--
INFO: Run Behavior\ContentReplace [ RunTime:0.000000s ]
INFO: [ template_filter ] --END-- [ RunTime:0.000000s ]
INFO: [ AdminIndex ] --START--
SQL: SHOW COLUMNS FROM `to_addons` [ RunTime:0.008001s ]
SQL: SELECT `config` FROM `to_addons` WHERE ( `name` = 'SiteStat' ) AND ( `status` = 1 ) LIMIT 1   [ RunTime:0.001000s ]
SQL: SHOW COLUMNS FROM `to_member` [ RunTime:0.009001s ]
SQL: SELECT COUNT(*) AS tp_count FROM `to_member` WHERE ( `status` >= 0 ) LIMIT 1   [ RunTime:0.044002s ]
SQL: SHOW COLUMNS FROM `to_ucenter_member` [ RunTime:0.006001s ]
SQL: SELECT COUNT(*) AS tp_count FROM `to_ucenter_member` WHERE ( `status` >= 0 ) LIMIT 1   [ RunTime:0.001000s ]
SQL: SELECT COUNT(*) AS tp_count FROM `to_ucenter_member` LIMIT 1   [ RunTime:0.001000s ]
SQL: SHOW COLUMNS FROM `to_action_log` [ RunTime:0.056003s ]
SQL: SELECT COUNT(*) AS tp_count FROM `to_action_log` LIMIT 1   [ RunTime:0.000000s ]
SQL: SHOW COLUMNS FROM `to_document` [ RunTime:0.007001s ]
SQL: SELECT COUNT(*) AS tp_count FROM `to_document` LIMIT 1   [ RunTime:0.001000s ]
SQL: SHOW COLUMNS FROM `to_forum_post` [ RunTime:0.041002s ]
SQL: SELECT COUNT(*) AS tp_count FROM `to_forum_post` LIMIT 1   [ RunTime:0.000000s ]
SQL: SELECT COUNT(*) AS tp_count FROM `to_forum_post` WHERE ( `status` >= 0 ) LIMIT 1   [ RunTime:0.000000s ]
SQL: SHOW COLUMNS FROM `to_weibo` [ RunTime:0.051003s ]
SQL: SELECT COUNT(*) AS tp_count FROM `to_weibo` LIMIT 1   [ RunTime:0.000000s ]
SQL: SELECT COUNT(*) AS tp_count FROM `to_weibo` WHERE ( `status` >= 0 ) LIMIT 1   [ RunTime:0.001001s ]
SQL: SHOW COLUMNS FROM `to_message` [ RunTime:0.025001s ]
SQL: SELECT COUNT(*) AS tp_count FROM `to_message` LIMIT 1   [ RunTime:0.001000s ]
SQL: SELECT COUNT(*) AS tp_count FROM `to_message` WHERE ( `is_read` = 0 ) LIMIT 1   [ RunTime:0.000000s ]
SQL: SHOW COLUMNS FROM `to_category` [ RunTime:0.038002s ]
SQL: SELECT COUNT(*) AS tp_count FROM `to_category` LIMIT 1   [ RunTime:0.000000s ]
SQL: SHOW COLUMNS FROM `to_model` [ RunTime:0.028002s ]
SQL: SELECT COUNT(*) AS tp_count FROM `to_model` LIMIT 1   [ RunTime:0.001000s ]
INFO: [ view_parse ] --START--
INFO: [ template_filter ] --START--
INFO: Run Behavior\ContentReplace [ RunTime:0.000000s ]
INFO: [ template_filter ] --END-- [ RunTime:-0.378022s ]
INFO: Run Behavior\ParseTemplate [ RunTime:0.012001s ]
INFO: [ view_parse ] --END-- [ RunTime:0.012001s ]
INFO: [ view_filter ] --START--
INFO: Run Behavior\WriteHtmlCache [ RunTime:0.001000s ]
INFO: [ view_filter ] --END-- [ RunTime:0.001000s ]
INFO: Run SiteStat [ RunTime:0.372021s ]
SQL: SELECT `config` FROM `to_addons` WHERE ( `name` = 'SystemInfo' ) AND ( `status` = 1 ) LIMIT 1   [ RunTime:0.001000s ]
INFO: [ view_parse ] --START--
INFO: [ template_filter ] --START--
INFO: Run Behavior\ContentReplace [ RunTime:0.000000s ]
INFO: [ template_filter ] --END-- [ RunTime:-0.922053s ]
SQL: select version() as v; [ RunTime:0.030002s ]
INFO: Run Behavior\ParseTemplate [ RunTime:0.042003s ]
INFO: [ view_parse ] --END-- [ RunTime:-0.532030s ]
INFO: [ view_filter ] --START--
INFO: Run Behavior\WriteHtmlCache [ RunTime:0.000000s ]
INFO: [ view_filter ] --END-- [ RunTime:-0.573033s ]
INFO: Run SystemInfo [ RunTime:0.573033s ]
SQL: SELECT `config` FROM `to_addons` WHERE ( `name` = 'DevTeam' ) AND ( `status` = 1 ) LIMIT 1   [ RunTime:0.001000s ]
INFO: [ view_parse ] --START--
INFO: [ template_filter ] --START--
INFO: Run Behavior\ContentReplace [ RunTime:0.000000s ]
INFO: [ template_filter ] --END-- [ RunTime:-0.969055s ]
INFO: Run Behavior\ParseTemplate [ RunTime:0.007001s ]
INFO: [ view_parse ] --END-- [ RunTime:-0.580033s ]
INFO: [ view_filter ] --START--
INFO: Run Behavior\WriteHtmlCache [ RunTime:0.001000s ]
INFO: [ view_filter ] --END-- [ RunTime:-0.585034s ]
INFO: Run DevTeam [ RunTime:0.012001s ]
INFO: [ AdminIndex ] --END-- [ RunTime:0.959055s ]
INFO: Run Behavior\ParseTemplate [ RunTime:0.008001s ]
INFO: [ view_parse ] --END-- [ RunTime:-0.580033s ]
INFO: [ view_filter ] --START--
INFO: Run Behavior\WriteHtmlCache [ RunTime:0.000000s ]
INFO: [ view_filter ] --END-- [ RunTime:-0.587034s ]
INFO: [ app_end ] --START--
INFO: Run Behavior\ShowPageTrace [ RunTime:0.001000s ]
INFO: [ app_end ] --END-- [ RunTime:0.001000s ]

[ 2014-05-28T17:04:02+08:00 ] 127.0.0.1 /index.php?s=/Admin/Weixin/account.html
INFO: [ app_init ] --START--
INFO: Run Common\Behavior\InitHook [ RunTime:0.005000s ]
INFO: [ app_init ] --END-- [ RunTime:0.006000s ]
INFO: [ app_begin ] --START--
INFO: Run Behavior\ReadHtmlCache [ RunTime:0.003001s ]
INFO: [ app_begin ] --END-- [ RunTime:0.003001s ]
SQL: SHOW COLUMNS FROM `to_menu` [ RunTime:0.007000s ]
SQL: SELECT * FROM `to_menu` WHERE ( `pid` = 0 ) AND ( `hide` = 0 ) ORDER BY sort asc  [ RunTime:0.001000s ]
SQL: SELECT `id` FROM `to_menu` WHERE ( url like '%Weixin/account%' ) LIMIT 1   [ RunTime:0.000000s ]
SQL: SHOW COLUMNS FROM `to_menu` [ RunTime:0.007000s ]
SQL: SELECT `id`,`pid`,`title` FROM `to_menu` WHERE ( id=10000 ) LIMIT 1   [ RunTime:0.001000s ]
SQL: SELECT DISTINCT  `group` FROM `to_menu` WHERE ( pid = 10000 )  [ RunTime:0.001000s ]
SQL: SELECT `id`,`url` FROM `to_menu` WHERE ( `pid` = 10000 ) AND ( `hide` = 0 )  [ RunTime:0.001000s ]
SQL: SELECT `id`,`pid`,`title`,`url`,`tip` FROM `to_menu` WHERE ( `group` = '' ) AND ( `pid` = 10000 ) AND ( `hide` = 0 ) ORDER BY sort asc  [ RunTime:0.001000s ]
SQL: SHOW COLUMNS FROM `to_wx_account` [ RunTime:0.057003s ]
SQL: SELECT `id`,`app_id`,`app_secret`,`valid_token`,`access_token`,`last_fetch`,`exp_in`,`status`,`desc_txt` FROM `to_wx_account`  [ RunTime:0.016001s ]
INFO: [ view_parse ] --START--
INFO: [ template_filter ] --START--
INFO: Run Behavior\ContentReplace [ RunTime:0.001000s ]
INFO: [ template_filter ] --END-- [ RunTime:0.001000s ]
INFO: Run Behavior\ParseTemplate [ RunTime:0.055003s ]
INFO: [ view_parse ] --END-- [ RunTime:0.055003s ]
INFO: [ view_filter ] --START--
INFO: Run Behavior\WriteHtmlCache [ RunTime:0.001000s ]
INFO: [ view_filter ] --END-- [ RunTime:0.003000s ]
INFO: [ app_end ] --START--
INFO: Run Behavior\ShowPageTrace [ RunTime:0.001000s ]
INFO: [ app_end ] --END-- [ RunTime:0.001000s ]

[ 2014-05-28T17:04:04+08:00 ] 127.0.0.1 /index.php?s=/Admin/Weixin/accountMenu.html
INFO: [ app_init ] --START--
INFO: Run Common\Behavior\InitHook [ RunTime:0.005000s ]
INFO: [ app_init ] --END-- [ RunTime:0.006000s ]
INFO: [ app_begin ] --START--
INFO: Run Behavior\ReadHtmlCache [ RunTime:0.002000s ]
INFO: [ app_begin ] --END-- [ RunTime:0.002000s ]
SQL: SHOW COLUMNS FROM `to_menu` [ RunTime:0.014000s ]
SQL: SELECT * FROM `to_menu` WHERE ( `pid` = 0 ) AND ( `hide` = 0 ) ORDER BY sort asc  [ RunTime:0.001000s ]
SQL: SELECT `id` FROM `to_menu` WHERE ( url like '%Weixin/accountmenu%' ) LIMIT 1   [ RunTime:0.001000s ]
SQL: SHOW COLUMNS FROM `to_menu` [ RunTime:0.008000s ]
SQL: SELECT `id`,`pid`,`title` FROM `to_menu` WHERE ( id=10004 ) LIMIT 1   [ RunTime:0.000000s ]
SQL: SELECT `id`,`pid`,`title` FROM `to_menu` WHERE ( id=10000 ) LIMIT 1   [ RunTime:0.001000s ]
SQL: SELECT DISTINCT  `group` FROM `to_menu` WHERE ( pid = 10000 )  [ RunTime:0.002000s ]
SQL: SELECT `id`,`url` FROM `to_menu` WHERE ( `pid` = 10000 ) AND ( `hide` = 0 )  [ RunTime:0.003000s ]
SQL: SELECT `id`,`pid`,`title`,`url`,`tip` FROM `to_menu` WHERE ( `group` = '' ) AND ( `pid` = 10000 ) AND ( `hide` = 0 ) ORDER BY sort asc  [ RunTime:0.001000s ]
SQL: SHOW COLUMNS FROM `to_wx_account` [ RunTime:0.013001s ]
SQL: SELECT `id`,`desc_txt` FROM `to_wx_account`  [ RunTime:0.002000s ]
SQL: SHOW COLUMNS FROM `to_wx_menu` [ RunTime:0.010001s ]
SQL: SELECT `id`,`pid`,`name`,`type`,`url`,`btn_key`,`level`,`account_id` FROM `to_wx_menu` WHERE ( `account_id` = 'gh_d04897ad4b51' )  [ RunTime:0.001000s ]
INFO: [ view_parse ] --START--
INFO: [ template_filter ] --START--
INFO: Run Behavior\ContentReplace [ RunTime:0.000000s ]
INFO: [ template_filter ] --END-- [ RunTime:0.001001s ]
NOTIC: [8] Undefined variable: meta_title E:\wamp\www\wxestate\Runtime\Cache\Admin\ae44d07eb27d041e537cba3814b278b9.php 第 5 行.
INFO: Run Behavior\ParseTemplate [ RunTime:0.082005s ]
INFO: [ view_parse ] --END-- [ RunTime:0.083005s ]
INFO: [ view_filter ] --START--
INFO: Run Behavior\WriteHtmlCache [ RunTime:0.001000s ]
INFO: [ view_filter ] --END-- [ RunTime:0.002000s ]
INFO: [ app_end ] --START--
INFO: Run Behavior\ShowPageTrace [ RunTime:0.002000s ]
INFO: [ app_end ] --END-- [ RunTime:0.002000s ]

[ 2014-05-28T17:04:07+08:00 ] 127.0.0.1 /index.php?s=/Admin/Weixin/addMenu/account/gh_d04897ad4b51.html
INFO: [ app_init ] --START--
INFO: Run Common\Behavior\InitHook [ RunTime:0.004000s ]
INFO: [ app_init ] --END-- [ RunTime:0.006000s ]
INFO: [ app_begin ] --START--
INFO: Run Behavior\ReadHtmlCache [ RunTime:0.001000s ]
INFO: [ app_begin ] --END-- [ RunTime:0.002000s ]
SQL: SHOW COLUMNS FROM `to_menu` [ RunTime:0.009001s ]
SQL: SELECT * FROM `to_menu` WHERE ( `pid` = 0 ) AND ( `hide` = 0 ) ORDER BY sort asc  [ RunTime:0.002000s ]
SQL: SELECT `id` FROM `to_menu` WHERE ( url like '%Weixin/addmenu%' ) LIMIT 1   [ RunTime:0.001000s ]
SQL: SHOW COLUMNS FROM `to_menu` [ RunTime:0.008001s ]
SQL: SELECT `id`,`pid`,`title` FROM `to_menu` WHERE ( id=10008 ) LIMIT 1   [ RunTime:0.000000s ]
SQL: SELECT `id`,`pid`,`title` FROM `to_menu` WHERE ( id=10004 ) LIMIT 1   [ RunTime:0.001000s ]
SQL: SELECT `id`,`pid`,`title` FROM `to_menu` WHERE ( id=10000 ) LIMIT 1   [ RunTime:0.002000s ]
SQL: SELECT DISTINCT  `group` FROM `to_menu` WHERE ( pid = 10000 )  [ RunTime:0.001000s ]
SQL: SELECT `id`,`url` FROM `to_menu` WHERE ( `pid` = 10000 ) AND ( `hide` = 0 )  [ RunTime:0.000000s ]
SQL: SELECT `id`,`pid`,`title`,`url`,`tip` FROM `to_menu` WHERE ( `group` = '' ) AND ( `pid` = 10000 ) AND ( `hide` = 0 ) ORDER BY sort asc  [ RunTime:0.001001s ]
SQL: SHOW COLUMNS FROM `to_wx_menu` [ RunTime:0.006000s ]
SQL: SELECT `id`,`pid`,`name`,`type`,`url`,`btn_key`,`level`,`account_id` FROM `to_wx_menu` WHERE ( pid = -1 )  [ RunTime:0.000000s ]
INFO: [ view_parse ] --START--
INFO: [ template_filter ] --START--
INFO: Run Behavior\ContentReplace [ RunTime:0.001000s ]
INFO: [ template_filter ] --END-- [ RunTime:0.001000s ]
NOTIC: [8] Undefined variable: meta_title E:\wamp\www\wxestate\Runtime\Cache\Admin\482341c2fa9726394afa5df880a49781.php 第 5 行.
NOTIC: [8] Undefined variable: wxmenu E:\wamp\www\wxestate\Runtime\Cache\Admin\482341c2fa9726394afa5df880a49781.php 第 101 行.
NOTIC: [8] Undefined variable: wxmenu E:\wamp\www\wxestate\Runtime\Cache\Admin\482341c2fa9726394afa5df880a49781.php 第 108 行.
NOTIC: [8] Undefined variable: wxmenu E:\wamp\www\wxestate\Runtime\Cache\Admin\482341c2fa9726394afa5df880a49781.php 第 115 行.
NOTIC: [8] Undefined variable: wxmenu E:\wamp\www\wxestate\Runtime\Cache\Admin\482341c2fa9726394afa5df880a49781.php 第 116 行.
NOTIC: [8] Undefined variable: wxmenu E:\wamp\www\wxestate\Runtime\Cache\Admin\482341c2fa9726394afa5df880a49781.php 第 116 行.
NOTIC: [8] Undefined variable: wxmenu E:\wamp\www\wxestate\Runtime\Cache\Admin\482341c2fa9726394afa5df880a49781.php 第 116 行.
NOTIC: [8] Undefined variable: wxmenu E:\wamp\www\wxestate\Runtime\Cache\Admin\482341c2fa9726394afa5df880a49781.php 第 123 行.
NOTIC: [8] Undefined variable: wxmenu E:\wamp\www\wxestate\Runtime\Cache\Admin\482341c2fa9726394afa5df880a49781.php 第 124 行.
NOTIC: [8] Undefined variable: wxmenu E:\wamp\www\wxestate\Runtime\Cache\Admin\482341c2fa9726394afa5df880a49781.php 第 125 行.
NOTIC: [8] Undefined variable: wxmenu E:\wamp\www\wxestate\Runtime\Cache\Admin\482341c2fa9726394afa5df880a49781.php 第 131 行.
INFO: Run Behavior\ParseTemplate [ RunTime:0.068004s ]
INFO: [ view_parse ] --END-- [ RunTime:0.068004s ]
INFO: [ view_filter ] --START--
INFO: Run Behavior\WriteHtmlCache [ RunTime:0.001000s ]
INFO: [ view_filter ] --END-- [ RunTime:0.001000s ]
INFO: [ app_end ] --START--
INFO: Run Behavior\ShowPageTrace [ RunTime:0.002000s ]
INFO: [ app_end ] --END-- [ RunTime:0.002000s ]

[ 2014-05-28T17:04:10+08:00 ] 127.0.0.1 /index.php?s=/Admin/Weixin/editMenu/id/3/account/gh_d04897ad4b51.html
INFO: [ app_init ] --START--
INFO: Run Common\Behavior\InitHook [ RunTime:0.004000s ]
INFO: [ app_init ] --END-- [ RunTime:0.005001s ]
INFO: [ app_begin ] --START--
INFO: Run Behavior\ReadHtmlCache [ RunTime:0.002000s ]
INFO: [ app_begin ] --END-- [ RunTime:0.002000s ]
SQL: SHOW COLUMNS FROM `to_menu` [ RunTime:0.007000s ]
SQL: SELECT * FROM `to_menu` WHERE ( `pid` = 0 ) AND ( `hide` = 0 ) ORDER BY sort asc  [ RunTime:0.001000s ]
SQL: SELECT `id` FROM `to_menu` WHERE ( url like '%Weixin/editmenu%' ) LIMIT 1   [ RunTime:0.001000s ]
SQL: SHOW COLUMNS FROM `to_menu` [ RunTime:0.006000s ]
SQL: SELECT `id`,`pid`,`title` FROM `to_menu` WHERE ( id=10009 ) LIMIT 1   [ RunTime:0.001000s ]
SQL: SELECT `id`,`pid`,`title` FROM `to_menu` WHERE ( id=10004 ) LIMIT 1   [ RunTime:0.001000s ]
SQL: SELECT `id`,`pid`,`title` FROM `to_menu` WHERE ( id=10000 ) LIMIT 1   [ RunTime:0.000000s ]
SQL: SELECT DISTINCT  `group` FROM `to_menu` WHERE ( pid = 10000 )  [ RunTime:0.002000s ]
SQL: SELECT `id`,`url` FROM `to_menu` WHERE ( `pid` = 10000 ) AND ( `hide` = 0 )  [ RunTime:0.001001s ]
SQL: SELECT `id`,`pid`,`title`,`url`,`tip` FROM `to_menu` WHERE ( `group` = '' ) AND ( `pid` = 10000 ) AND ( `hide` = 0 ) ORDER BY sort asc  [ RunTime:0.000000s ]
SQL: SHOW COLUMNS FROM `to_wx_menu` [ RunTime:0.006000s ]
SQL: SELECT * FROM `to_wx_menu` WHERE ( `id` = 3 ) LIMIT 1   [ RunTime:0.000000s ]
SQL: SHOW COLUMNS FROM `to_wx_menu` [ RunTime:0.007001s ]
SQL: SELECT `id`,`pid`,`name`,`type`,`url`,`btn_key`,`level`,`account_id` FROM `to_wx_menu` WHERE ( pid = -1 )  [ RunTime:0.001000s ]
INFO: [ view_parse ] --START--
INFO: [ template_filter ] --START--
INFO: Run Behavior\ContentReplace [ RunTime:0.000000s ]
INFO: [ template_filter ] --END-- [ RunTime:0.000000s ]
NOTIC: [8] Undefined variable: meta_title E:\wamp\www\wxestate\Runtime\Cache\Admin\a4c62f58b5245306354daaad20f27c8b.php 第 5 行.
INFO: Run Behavior\ParseTemplate [ RunTime:0.063004s ]
INFO: [ view_parse ] --END-- [ RunTime:0.064004s ]
INFO: [ view_filter ] --START--
INFO: Run Behavior\WriteHtmlCache [ RunTime:0.001000s ]
INFO: [ view_filter ] --END-- [ RunTime:0.001000s ]
INFO: [ app_end ] --START--
INFO: Run Behavior\ShowPageTrace [ RunTime:0.003000s ]
INFO: [ app_end ] --END-- [ RunTime:0.003000s ]

[ 2014-05-28T17:04:14+08:00 ] 127.0.0.1 /index.php?s=/Admin/Weixin/editMenu.html
INFO: [ app_init ] --START--
INFO: Run Common\Behavior\InitHook [ RunTime:0.005001s ]
INFO: [ app_init ] --END-- [ RunTime:0.006001s ]
INFO: [ app_begin ] --START--
INFO: Run Behavior\ReadHtmlCache [ RunTime:0.002000s ]
INFO: [ app_begin ] --END-- [ RunTime:0.008000s ]
SQL: SHOW COLUMNS FROM `to_menu` [ RunTime:0.008001s ]
SQL: SELECT * FROM `to_menu` WHERE ( `pid` = 0 ) AND ( `hide` = 0 ) ORDER BY sort asc  [ RunTime:0.003000s ]
SQL: SELECT `id` FROM `to_menu` WHERE ( url like '%Weixin/editmenu%' ) LIMIT 1   [ RunTime:0.001000s ]
SQL: SHOW COLUMNS FROM `to_menu` [ RunTime:0.009001s ]
SQL: SELECT `id`,`pid`,`title` FROM `to_menu` WHERE ( id=10009 ) LIMIT 1   [ RunTime:0.004000s ]
SQL: SELECT `id`,`pid`,`title` FROM `to_menu` WHERE ( id=10004 ) LIMIT 1   [ RunTime:0.002000s ]
SQL: SELECT `id`,`pid`,`title` FROM `to_menu` WHERE ( id=10000 ) LIMIT 1   [ RunTime:0.001000s ]
SQL: SELECT DISTINCT  `group` FROM `to_menu` WHERE ( pid = 10000 )  [ RunTime:0.001000s ]
SQL: SELECT `id`,`url` FROM `to_menu` WHERE ( `pid` = 10000 ) AND ( `hide` = 0 )  [ RunTime:0.001000s ]
SQL: SELECT `id`,`pid`,`title`,`url`,`tip` FROM `to_menu` WHERE ( `group` = '' ) AND ( `pid` = 10000 ) AND ( `hide` = 0 ) ORDER BY sort asc  [ RunTime:0.002000s ]
SQL: SHOW COLUMNS FROM `to_wx_menu` [ RunTime:0.008001s ]
SQL: UPDATE `to_wx_menu` SET `account_id`='gh_d04897ad4b51',`name`='首页2',`pid`=1,`type`='parent',`url`='' WHERE ( `id` = 3 ) [ RunTime:0.001000s ]

[ 2014-05-28T17:04:16+08:00 ] 127.0.0.1 /index.php?s=/Admin/Weixin/accountMenu.html
INFO: [ app_init ] --START--
INFO: Run Common\Behavior\InitHook [ RunTime:0.004000s ]
INFO: [ app_init ] --END-- [ RunTime:0.006000s ]
INFO: [ app_begin ] --START--
INFO: Run Behavior\ReadHtmlCache [ RunTime:0.002000s ]
INFO: [ app_begin ] --END-- [ RunTime:0.002000s ]
SQL: SHOW COLUMNS FROM `to_menu` [ RunTime:0.011000s ]
SQL: SELECT * FROM `to_menu` WHERE ( `pid` = 0 ) AND ( `hide` = 0 ) ORDER BY sort asc  [ RunTime:0.002001s ]
SQL: SELECT `id` FROM `to_menu` WHERE ( url like '%Weixin/accountmenu%' ) LIMIT 1   [ RunTime:0.001000s ]
SQL: SHOW COLUMNS FROM `to_menu` [ RunTime:0.009000s ]
SQL: SELECT `id`,`pid`,`title` FROM `to_menu` WHERE ( id=10004 ) LIMIT 1   [ RunTime:0.000000s ]
SQL: SELECT `id`,`pid`,`title` FROM `to_menu` WHERE ( id=10000 ) LIMIT 1   [ RunTime:0.001000s ]
SQL: SELECT DISTINCT  `group` FROM `to_menu` WHERE ( pid = 10000 )  [ RunTime:0.000000s ]
SQL: SELECT `id`,`url` FROM `to_menu` WHERE ( `pid` = 10000 ) AND ( `hide` = 0 )  [ RunTime:0.001000s ]
SQL: SELECT `id`,`pid`,`title`,`url`,`tip` FROM `to_menu` WHERE ( `group` = '' ) AND ( `pid` = 10000 ) AND ( `hide` = 0 ) ORDER BY sort asc  [ RunTime:0.001000s ]
SQL: SHOW COLUMNS FROM `to_wx_account` [ RunTime:0.006000s ]
SQL: SELECT `id`,`desc_txt` FROM `to_wx_account`  [ RunTime:0.001000s ]
SQL: SHOW COLUMNS FROM `to_wx_menu` [ RunTime:0.009000s ]
SQL: SELECT `id`,`pid`,`name`,`type`,`url`,`btn_key`,`level`,`account_id` FROM `to_wx_menu` WHERE ( `account_id` = 'gh_d04897ad4b51' )  [ RunTime:0.001000s ]
INFO: [ view_parse ] --START--
INFO: [ template_filter ] --START--
INFO: Run Behavior\ContentReplace [ RunTime:0.001000s ]
INFO: [ template_filter ] --END-- [ RunTime:0.002000s ]
NOTIC: [8] Undefined variable: meta_title E:\wamp\www\wxestate\Runtime\Cache\Admin\ae44d07eb27d041e537cba3814b278b9.php 第 5 行.
INFO: Run Behavior\ParseTemplate [ RunTime:0.085005s ]
INFO: [ view_parse ] --END-- [ RunTime:0.085005s ]
INFO: [ view_filter ] --START--
INFO: Run Behavior\WriteHtmlCache [ RunTime:0.001000s ]
INFO: [ view_filter ] --END-- [ RunTime:0.002000s ]
INFO: [ app_end ] --START--
INFO: Run Behavior\ShowPageTrace [ RunTime:0.001000s ]
INFO: [ app_end ] --END-- [ RunTime:0.002000s ]

